converged SCF energy = -1.07568569471131
mo_coeff
[[ 0.27416506  0.18125502  0.89488867 -0.9550129 ]
 [ 0.35188235  1.10507772 -0.69968697  1.16877858]
 [ 0.27416506 -0.18125502  0.89488867  0.9550129 ]
 [ 0.35188235 -1.10507772 -0.69968697 -1.16877858]]
mo_occ
[ 2.  0.  0.  0.]
mo_energy
[-0.50591823  0.14151226  0.95034356  1.10868772]
mocc
[[ 0.27416506]
 [ 0.35188235]
 [ 0.27416506]
 [ 0.35188235]]
mvir
[[ 0.18125502  0.89488867 -0.9550129 ]
 [ 1.10507772 -0.69968697  1.16877858]
 [-0.18125502  0.89488867  0.9550129 ]
 [-1.10507772 -0.69968697 -1.16877858]]
J11
(1, 1)
[[ 0.54491943]]
J12
(1, 9)
[[  4.40210683e-01  -3.33066907e-16  -1.32893848e-01  -3.81639165e-16
    4.95091433e-01  -1.83880688e-16  -1.32893848e-01  -1.42247325e-16
    5.43159963e-01]]
J22
(9, 9)
[[  4.05357027e-01  -2.77555756e-16  -7.69559053e-02  -2.91433544e-16
    4.09010316e-01   1.11022302e-16  -7.69559053e-02   6.24500451e-17
    4.47291460e-01]
 [ -7.28583860e-17   4.12250704e-02   2.55004351e-16   4.12250704e-02
   -5.75928194e-16  -5.02399052e-02   2.63677968e-16  -5.02399052e-02
   -1.52655666e-16]
 [ -7.69559053e-02   6.93889390e-18   8.46554008e-02  -6.93889390e-18
   -1.23138289e-01  -6.24500451e-17   8.46554008e-02  -8.32667268e-17
   -1.57870487e-01]
 [ -2.81025203e-16   4.12250704e-02   2.84494650e-16   4.12250704e-02
   -5.96744876e-16  -5.02399052e-02   2.84494650e-16  -5.02399052e-02
   -1.52655666e-16]
 [  4.09010316e-01  -5.55111512e-16  -1.23138289e-01  -5.16947596e-16
    4.76633424e-01   7.77156117e-16  -1.23138289e-01   7.52002627e-16
    5.23901621e-01]
 [ -1.38777878e-17  -5.02399052e-02  -1.24900090e-16  -5.02399052e-02
    4.86589935e-16   1.84588575e-01  -6.93889390e-17   1.84588575e-01
   -6.38378239e-16]
 [ -7.69559053e-02  -1.00613962e-16   8.46554008e-02  -6.24500451e-17
   -1.23138289e-01  -1.31838984e-16   8.46554008e-02  -1.14491749e-16
   -1.57870487e-01]
 [  1.94289029e-16  -5.02399052e-02   4.16333634e-17  -5.02399052e-02
    4.94396191e-16   1.84588575e-01   2.77555756e-17   1.84588575e-01
   -6.24500451e-16]
 [  4.47291460e-01  -3.74700271e-16  -1.57870487e-01  -4.57533317e-16
    5.23901621e-01  -8.49472402e-16  -1.57870487e-01  -9.66240976e-16
    5.99306569e-01]]
K12
(3, 3)
[[  1.15320853e-01  -1.14491749e-16  -7.92914018e-02]
 [ -1.38777878e-16   8.91957160e-02  -6.93889390e-17]
 [ -7.92914018e-02  -7.28583860e-17   1.02334049e-01]]
nre
0.481070189598
Hamiltonian
[[-1.5567559   0.11532085]
 [ 0.11532085 -0.84181949]]
eigenvalue
[-1.57489709+0.j -0.82367830+0.j]
eigenvector
[[-0.98785171 -0.15539951]
 [ 0.15539951 -0.98785171]]
groundstate energy
-1.0938268963
