converged SCF energy = -1.03653887502918
mo_coeff
[[ 0.58934029  0.94456244]
 [ 0.58934029 -0.94456244]]
mo_occ
[ 2.  0.]
mo_energy
[-0.45421869  0.39669591]
mocc
[[ 0.58934029]
 [ 0.58934029]]
mvir
[[ 0.94456244]
 [-0.94456244]]
J11
(1, 1)
[[ 0.60917168]]
J12
(1, 1)
[[ 0.60733543]]
J22
(1, 1)
[[ 0.63747988]]
K12
(1, 1)
[[ 0.20322223]]
nre
0.481070189598
Hamiltonian
[[-1.51760907  0.20322223]
 [ 0.20322223 -0.59202556]]
eigenvalue
[-1.56026314+0.j -0.54937149+0.j]
eigenvector
[[-0.97867538 -0.205413  ]
 [ 0.205413   -0.97867538]]
groundstate energy
-1.07919294712
